        ?column?        
------------------------
 ORIGINAL -- NO INDEXES
(1 row)

                                                                QUERY PLAN                                                                
------------------------------------------------------------------------------------------------------------------------------------------
 HashAggregate  (cost=18459.21..18629.98 rows=17077 width=60) (actual time=141.626..146.167 rows=20000 loops=1)
   Group Key: r.r_id, r.r_2, r.r_10, r.r_1p, r.r_10p, r.r_50p, r.r_filler, r.s_id
   ->  Append  (cost=320.70..18117.67 rows=17077 width=60) (actual time=7.502..129.990 rows=20010 loops=1)
         ->  Bitmap Heap Scan on r  (cost=320.70..17817.25 rows=17067 width=39) (actual time=7.501..127.685 rows=20000 loops=1)
               Recheck Cond: (r_1p = 0)
               Heap Blocks: exact=16666
               ->  Bitmap Index Scan on r_r_1p_idx1  (cost=0.00..316.43 rows=17067 width=0) (actual time=5.210..5.210 rows=20000 loops=1)
                     Index Cond: (r_1p = 0)
         ->  Index Scan using r_r_10_idx1 on r r_1  (cost=0.43..44.27 rows=10 width=39) (actual time=0.019..0.028 rows=10 loops=1)
               Index Cond: (r_10 = 0)
 Planning Time: 1.762 ms
 Execution Time: 147.894 ms
(12 rows)

                  ?column?                   
---------------------------------------------
 ADD INDEX ON r(r_1p),r(r_10), r(r_1p, r_10)
(1 row)

CREATE INDEX
CREATE INDEX
CREATE INDEX
ANALYZE
                                                                  QUERY PLAN                                                                  
----------------------------------------------------------------------------------------------------------------------------------------------
 HashAggregate  (cost=18928.89..19132.32 rows=20343 width=60) (actual time=56.614..62.830 rows=20000 loops=1)
   Group Key: r.r_id, r.r_2, r.r_10, r.r_1p, r.r_10p, r.r_50p, r.r_filler, r.s_id
   ->  Append  (cost=382.01..18522.03 rows=20343 width=60) (actual time=5.611..45.986 rows=20010 loops=1)
         ->  Bitmap Heap Scan on r  (cost=382.01..18172.61 rows=20333 width=39) (actual time=5.610..42.334 rows=20000 loops=1)
               Recheck Cond: (r_1p = 0)
               Heap Blocks: exact=16666
               ->  Bitmap Index Scan on r_r_1p_r_10_idx  (cost=0.00..376.93 rows=20333 width=0) (actual time=3.246..3.246 rows=20000 loops=1)
                     Index Cond: (r_1p = 0)
         ->  Index Scan using r_r_10_idx on r r_1  (cost=0.43..44.28 rows=10 width=39) (actual time=0.463..1.443 rows=10 loops=1)
               Index Cond: (r_10 = 0)
 Planning Time: 0.488 ms
 Execution Time: 68.534 ms
(12 rows)

                   ?column?                   
----------------------------------------------
 SAME INDEX ON r(r_1p),r(r_10), r(r_1p, r_10)
(1 row)

                                                               QUERY PLAN                                                               
----------------------------------------------------------------------------------------------------------------------------------------
 Bitmap Heap Scan on r  (cost=391.60..18233.51 rows=20343 width=39) (actual time=4.791..35.426 rows=20000 loops=1)
   Recheck Cond: ((r_1p = 0) OR (r_10 = 0))
   Heap Blocks: exact=16666
   ->  BitmapOr  (cost=391.60..391.60 rows=20343 width=0) (actual time=2.434..2.434 rows=0 loops=1)
         ->  Bitmap Index Scan on r_r_1p_r_10_idx  (cost=0.00..376.93 rows=20333 width=0) (actual time=2.427..2.427 rows=20000 loops=1)
               Index Cond: (r_1p = 0)
         ->  Bitmap Index Scan on r_r_10_idx  (cost=0.00..4.50 rows=10 width=0) (actual time=0.006..0.006 rows=10 loops=1)
               Index Cond: (r_10 = 0)
 Planning Time: 0.079 ms
 Execution Time: 36.878 ms
(10 rows)

DROP INDEX
