CREATE INDEX
ANALYZE
                                       QUERY PLAN                                        
-----------------------------------------------------------------------------------------
 Bitmap Heap Scan on r  (cost=29.19..3230.51 rows=1001 width=39)
   Recheck Cond: ((r_50p = 0) AND (r_1p = 0) AND (r_10p = 0))
   ->  Bitmap Index Scan on r_r_50p_r_1p_r_10p_idx  (cost=0.00..28.94 rows=1001 width=0)
         Index Cond: ((r_50p = 0) AND (r_1p = 0) AND (r_10p = 0))
(4 rows)

DROP INDEX
