CREATE INDEX
ANALYZE
                                                               QUERY PLAN                                                               
----------------------------------------------------------------------------------------------------------------------------------------
 Bitmap Heap Scan on r  (cost=190.08..12378.46 rows=6141 width=39) (actual time=5.477..62.996 rows=20000 loops=1)
   Recheck Cond: ((r_50p = 0) AND (r_10p = 0) AND (r_1p >= 0) AND (r_1p <= 5))
   Heap Blocks: exact=16666
   ->  Bitmap Index Scan on r_r_50p_r_10p_r_1p_idx  (cost=0.00..188.54 rows=6141 width=0) (actual time=3.077..3.077 rows=20000 loops=1)
         Index Cond: ((r_50p = 0) AND (r_10p = 0) AND (r_1p >= 0) AND (r_1p <= 5))
 Planning Time: 0.565 ms
 Execution Time: 64.224 ms
(7 rows)

DROP INDEX
