CREATE INDEX
ANALYZE
CREATE INDEX
ANALYZE
                                                         QUERY PLAN                                                         
----------------------------------------------------------------------------------------------------------------------------
 Nested Loop  (cost=0.85..108.89 rows=20 width=8) (actual time=0.057..0.146 rows=40 loops=1)
   ->  Index Scan using s_s_4_idx on s  (cost=0.42..19.78 rows=4 width=8) (actual time=0.028..0.031 rows=4 loops=1)
         Index Cond: (s_4 = 0)
   ->  Index Scan using r_r_50p_s_id_idx on r  (cost=0.43..22.23 rows=5 width=8) (actual time=0.019..0.026 rows=10 loops=4)
         Index Cond: ((r_50p = 0) AND (s_id = s.s_id))
 Planning Time: 0.406 ms
 Execution Time: 0.200 ms
(7 rows)

DROP INDEX
