CREATE INDEX
ANALYZE
CREATE INDEX
ANALYZE
CREATE INDEX
ANALYZE
                                                               QUERY PLAN                                                                
-----------------------------------------------------------------------------------------------------------------------------------------
 Bitmap Heap Scan on r  (cost=411.60..18288.52 rows=21343 width=39) (actual time=4.972..107.821 rows=20000 loops=1)
   Recheck Cond: ((r_1p = 0) OR (r_10 = 0))
   Heap Blocks: exact=16666
   ->  BitmapOr  (cost=411.60..411.60 rows=21343 width=0) (actual time=2.541..2.541 rows=0 loops=1)
         ->  Bitmap Index Scan on r_r_1p_r_10_idx1  (cost=0.00..396.43 rows=21333 width=0) (actual time=2.513..2.513 rows=20000 loops=1)
               Index Cond: (r_1p = 0)
         ->  Bitmap Index Scan on r_r_10_idx1  (cost=0.00..4.50 rows=10 width=0) (actual time=0.027..0.027 rows=10 loops=1)
               Index Cond: (r_10 = 0)
 Planning Time: 10.579 ms
 Execution Time: 109.245 ms
(10 rows)

DROP INDEX
