CREATE INDEX
ANALYZE
CREATE INDEX
ANALYZE
CREATE INDEX
ANALYZE
                                                             QUERY PLAN                                                              
-------------------------------------------------------------------------------------------------------------------------------------
 Nested Loop  (cost=66.26..109.98 rows=10 width=39) (actual time=0.108..0.200 rows=50 loops=1)
   ->  HashAggregate  (cost=65.83..65.84 rows=1 width=4) (actual time=0.089..0.091 rows=5 loops=1)
         Group Key: s.s_id
         ->  Nested Loop  (cost=4.88..65.83 rows=1 width=4) (actual time=0.040..0.082 rows=5 loops=1)
               ->  Bitmap Heap Scan on t  (cost=4.46..23.58 rows=5 width=4) (actual time=0.035..0.039 rows=5 loops=1)
                     Recheck Cond: (t_5 = 0)
                     Heap Blocks: exact=5
                     ->  Bitmap Index Scan on t_t_5_idx  (cost=0.00..4.46 rows=5 width=0) (actual time=0.030..0.030 rows=5 loops=1)
                           Index Cond: (t_5 = 0)
               ->  Index Scan using s_t_id_s_20_idx on s  (cost=0.42..8.44 rows=1 width=8) (actual time=0.008..0.008 rows=1 loops=5)
                     Index Cond: ((t_id = t.t_id) AND (s_20 = 0))
   ->  Index Scan using r_s_id_idx on r  (cost=0.43..44.04 rows=10 width=39) (actual time=0.012..0.020 rows=10 loops=5)
         Index Cond: (s_id = s.s_id)
 Planning Time: 0.681 ms
 Execution Time: 0.327 ms
(15 rows)

DROP INDEX
