        ?column?        
------------------------
 ORIGINAL -- NO INDEXES
(1 row)

                             QUERY PLAN                              
---------------------------------------------------------------------
 Gather  (cost=1000.00..28083.87 rows=2 width=39)
   Workers Planned: 2
   ->  Parallel Seq Scan on r  (cost=0.00..27083.67 rows=1 width=39)
         Filter: (r_2 = 0)
(4 rows)

     ?column?     
------------------
 ADD INDEX ON r_2
(1 row)

CREATE INDEX
ANALYZE
                                                  QUERY PLAN                                                   
---------------------------------------------------------------------------------------------------------------
 Index Scan using r_r_2_idx on r  (cost=0.43..11.43 rows=2 width=39) (actual time=0.031..0.033 rows=2 loops=1)
   Index Cond: (r_2 = 0)
 Planning Time: 0.141 ms
 Execution Time: 0.048 ms
(4 rows)

DROP INDEX
        ?column?        
------------------------
 ORIGINAL -- NO INDEXES
(1 row)

                               QUERY PLAN                               
------------------------------------------------------------------------
 Gather  (cost=1000.00..29990.37 rows=19067 width=39)
   Workers Planned: 2
   ->  Parallel Seq Scan on r  (cost=0.00..27083.67 rows=7945 width=39)
         Filter: (r_1p = 0)
(4 rows)

     ?column?      
-------------------
 ADD INDEX ON r_1P
(1 row)

CREATE INDEX
ANALYZE
                                                         QUERY PLAN                                                          
-----------------------------------------------------------------------------------------------------------------------------
 Bitmap Heap Scan on r  (cost=400.73..18221.02 rows=21200 width=39) (actual time=4.910..101.632 rows=20000 loops=1)
   Recheck Cond: (r_1p = 0)
   Heap Blocks: exact=16666
   ->  Bitmap Index Scan on r_r_1p_idx  (cost=0.00..395.43 rows=21200 width=0) (actual time=2.542..2.542 rows=20000 loops=1)
         Index Cond: (r_1p = 0)
 Planning Time: 0.157 ms
 Execution Time: 102.875 ms
(7 rows)

DROP INDEX
        ?column?        
------------------------
 ORIGINAL -- NO INDEXES
(1 row)

                        QUERY PLAN                         
-----------------------------------------------------------
 Seq Scan on r  (cost=0.00..41667.00 rows=984200 width=39)
   Filter: (r_50p = 0)
(2 rows)

      ?column?      
--------------------
 ADD INDEX ON r_50P
(1 row)

CREATE INDEX
ANALYZE
                                                 QUERY PLAN                                                  
-------------------------------------------------------------------------------------------------------------
 Seq Scan on r  (cost=0.00..41667.00 rows=991733 width=39) (actual time=0.013..211.974 rows=1000000 loops=1)
   Filter: (r_50p = 0)
   Rows Removed by Filter: 1000000
 Planning Time: 0.092 ms
 Execution Time: 270.478 ms
(5 rows)

DROP INDEX
