                                                                   QUERY PLAN                                                                   
------------------------------------------------------------------------------------------------------------------------------------------------
 Nested Loop  (cost=1.69..69.36 rows=25 width=19) (actual time=0.083..0.559 rows=30 loops=1)
   ->  Nested Loop  (cost=1.26..67.07 rows=2 width=23) (actual time=0.071..0.231 rows=3 loops=1)
         ->  Nested Loop  (cost=0.84..66.12 rows=2 width=8) (actual time=0.062..0.164 rows=3 loops=1)
               ->  Index Scan using u_u_5_idx on u  (cost=0.42..23.89 rows=5 width=4) (actual time=0.043..0.079 rows=5 loops=1)
                     Index Cond: (u_5 = 0)
               ->  Index Only Scan using s_u_id_t_id_s_id_idx on s  (cost=0.42..8.44 rows=1 width=12) (actual time=0.016..0.016 rows=1 loops=5)
                     Index Cond: (u_id = u.u_id)
                     Heap Fetches: 3
         ->  Index Scan using t_pkey on t  (cost=0.42..0.47 rows=1 width=19) (actual time=0.021..0.021 rows=1 loops=3)
               Index Cond: (t_id = s.t_id)
   ->  Index Only Scan using r_s_id_idx on r  (cost=0.43..1.05 rows=10 width=4) (actual time=0.026..0.107 rows=10 loops=3)
         Index Cond: (s_id = s.s_id)
         Heap Fetches: 30
 Planning Time: 4.495 ms
 Execution Time: 0.695 ms
(15 rows)

