                                                                QUERY PLAN                                                                
------------------------------------------------------------------------------------------------------------------------------------------
 Nested Loop  (cost=66.86..110.49 rows=10 width=39) (actual time=0.238..0.599 rows=50 loops=1)
   ->  HashAggregate  (cost=66.43..66.44 rows=1 width=4) (actual time=0.183..0.184 rows=5 loops=1)
         Group Key: s.s_id
         ->  Nested Loop  (cost=0.84..66.43 rows=1 width=4) (actual time=0.056..0.171 rows=5 loops=1)
               ->  Index Only Scan using t_t_5_t_id_idx on t  (cost=0.42..24.18 rows=5 width=4) (actual time=0.041..0.069 rows=5 loops=1)
                     Index Cond: (t_5 = 0)
                     Heap Fetches: 5
               ->  Index Scan using s_t_id_s_20_idx on s  (cost=0.42..8.44 rows=1 width=8) (actual time=0.019..0.019 rows=1 loops=5)
                     Index Cond: ((t_id = t.t_id) AND (s_20 = 0))
   ->  Index Scan using r_s_id_idx on r  (cost=0.43..43.95 rows=10 width=39) (actual time=0.032..0.081 rows=10 loops=5)
         Index Cond: (s_id = s.s_id)
 Planning Time: 5.261 ms
 Execution Time: 0.755 ms
(13 rows)

