                                                               QUERY PLAN                                                               
----------------------------------------------------------------------------------------------------------------------------------------
 Bitmap Heap Scan on r  (cost=188.98..12299.63 rows=6069 width=39) (actual time=11.266..80.262 rows=20000 loops=1)
   Recheck Cond: ((r_50p = 0) AND (r_10p = 0) AND (r_1p >= 0) AND (r_1p <= 5))
   Heap Blocks: exact=16666
   ->  Bitmap Index Scan on r_r_50p_r_10p_r_1p_idx  (cost=0.00..187.46 rows=6069 width=0) (actual time=8.425..8.425 rows=20000 loops=1)
         Index Cond: ((r_50p = 0) AND (r_10p = 0) AND (r_1p >= 0) AND (r_1p <= 5))
 Planning Time: 3.794 ms
 Execution Time: 81.668 ms
(7 rows)

